2024-09-09 14:07:16,229 - INFO - Starting web scraping
2024-09-09 14:07:19,429 - INFO - Successfully scraped and saved headlines to bbc_headlines.csv
2024-09-09 14:07:19,943 - ERROR - Error during visualization: no numeric data to plot
2024-09-09 14:07:58,495 - INFO - Starting web scraping
2024-09-09 14:08:09,102 - INFO - Successfully scraped and saved headlines to bbc_headlines.csv
2024-09-09 14:08:09,638 - ERROR - Error during visualization: no numeric data to plot
2024-09-09 14:10:35,676 - INFO - Starting web scraping
2024-09-09 14:10:36,875 - INFO - Successfully scraped and saved headlines to bbc_headlines.csv
2024-09-09 14:10:37,178 - ERROR - Error during visualization: no numeric data to plot
2024-09-09 14:11:36,713 - INFO - Starting web scraping
2024-09-09 14:11:37,770 - INFO - Successfully scraped and saved headlines to bbc_headlines.csv
2024-09-09 14:39:54,083 - INFO - Starting web scraping
2024-09-09 14:39:55,314 - INFO - Successfully scraped and saved headlines to bbc_headlines.csv
2024-09-09 14:39:55,757 - ERROR - Error during visualization: no numeric data to plot
2024-09-09 18:34:51,216 - INFO - Starting web scraping
2024-09-09 18:34:53,840 - INFO - Successfully scraped and saved headlines to bbc_headlines.csv
2024-09-09 18:35:02,295 - ERROR - Error during visualization: no numeric data to plot
2024-09-10 23:18:16,640 - INFO - Starting web scraping
2024-09-10 23:18:17,505 - INFO - Successfully scraped and saved headlines to bbc_headlines.csv
2024-09-10 23:18:17,935 - ERROR - Error during visualization: no numeric data to plot
2024-09-10 23:21:56,034 - INFO - Starting web scraping
2024-09-10 23:21:56,821 - WARNING - No headlines found in the scraped content.
2024-09-10 23:43:01,152 - INFO - Starting web scraping
2024-09-10 23:43:02,140 - WARNING - No headlines found in the scraped content.
2024-09-10 23:43:44,604 - INFO - Starting web scraping
2024-09-10 23:55:37,499 - INFO - Starting web scraping
2024-09-11 00:01:50,909 - INFO - Starting web scraping
2024-09-11 00:38:37,661 - INFO - Starting web scraping
2024-09-11 00:38:38,498 - WARNING - No headlines found in the scraped content.
2024-09-11 00:39:19,297 - INFO - Starting web scraping
2024-09-11 00:39:20,145 - INFO - Successfully scraped and saved headlines to techcrunch_headlines.csv
2024-09-11 00:39:20,535 - ERROR - Error during visualization: Invalid color sky blue
2024-09-11 00:40:22,050 - INFO - Starting web scraping
2024-09-11 00:40:22,873 - INFO - Successfully scraped and saved headlines to techcrunch_headlines.csv
2024-09-11 00:40:35,990 - INFO - Data visualization completed and saved to headline_distributions.png
2024-09-11 08:31:23,644 - INFO - Starting web scraping
2024-09-11 08:31:24,709 - INFO - Successfully scraped and saved headlines to techcrunch_headlines.csv
2024-09-11 08:32:09,580 - INFO - Data visualization completed and saved to headline_distributions.png
2024-09-12 10:42:49,459 - INFO - Starting web scraping
2024-09-12 10:42:50,718 - INFO - Successfully scraped and saved headlines to techcrunch_headlines.csv
2024-09-12 10:45:55,757 - INFO - Starting web scraping
2024-09-12 10:45:56,524 - INFO - Successfully scraped and saved headlines to techcrunch_headlines.csv
2024-09-12 11:15:19,793 - INFO - Data visualization completed and saved to headline_distributions.png
2024-09-12 11:16:01,956 - INFO - Starting web scraping
2024-09-12 11:16:02,795 - INFO - Successfully scraped and saved headlines to techcrunch_headlines.csv
2024-09-12 11:16:05,592 - INFO - Data visualization completed and saved to headline_distributions.png
2024-09-24 21:22:28,680 - INFO - Starting web scraping
2024-09-24 21:22:30,410 - INFO - Successfully scraped and saved headlines to techcrunch_headlines.csv
2024-09-24 21:27:30,210 - INFO - Data visualization completed and saved to headline_distributions.png
